PS C:\Users\thele\Desktop\InventarioIberia> cmd
Microsoft Windows [Versión 10.0.19045.5011]
(c) Microsoft Corporation. Todos los derechos reservados.

(.venv) C:\Users\thele\Desktop\InventarioIberia>python -m venv .venv

(.venv) C:\Users\thele\Desktop\InventarioIberia>pip install flask
Collecting flask
  Using cached flask-3.0.3-py3-none-any.whl.metadata (3.2 kB)
Collecting Werkzeug>=3.0.0 (from flask)
  Using cached werkzeug-3.0.6-py3-none-any.whl.metadata (3.7 kB)
Collecting Jinja2>=3.1.2 (from flask)
  Using cached jinja2-3.1.4-py3-none-any.whl.metadata (2.6 kB)
Collecting itsdangerous>=2.1.2 (from flask)
  Using cached itsdangerous-2.2.0-py3-none-any.whl.metadata (1.9 kB)
Collecting click>=8.1.3 (from flask)
  Using cached click-8.1.7-py3-none-any.whl.metadata (3.0 kB)
Collecting blinker>=1.6.2 (from flask)
  Using cached blinker-1.8.2-py3-none-any.whl.metadata (1.6 kB)
Collecting colorama (from click>=8.1.3->flask)
  Using cached colorama-0.4.6-py2.py3-none-any.whl.metadata (17 kB)
Collecting MarkupSafe>=2.0 (from Jinja2>=3.1.2->flask)
  Using cached MarkupSafe-3.0.2-cp312-cp312-win_amd64.whl.metadata (4.1 kB)
Using cached flask-3.0.3-py3-none-any.whl (101 kB)      
Using cached blinker-1.8.2-py3-none-any.whl (9.5 kB)    
Using cached click-8.1.7-py3-none-any.whl (97 kB)       
Using cached itsdangerous-2.2.0-py3-none-any.whl (16 kB)
Using cached jinja2-3.1.4-py3-none-any.whl (133 kB)
Using cached werkzeug-3.0.6-py3-none-any.whl (227 kB)
Using cached MarkupSafe-3.0.2-cp312-cp312-win_amd64.whl (15 kB)
Using cached colorama-0.4.6-py2.py3-none-any.whl (25 kB)
Installing collected packages: MarkupSafe, itsdangerous, colorama, blinker, Werkzeug, Jinja2, click, flask
Successfully installed Jinja2-3.1.4 MarkupSafe-3.0.2 Werkzeug-3.0.6 blinker-1.8.2 click-8.1.7 colorama-0.4.6 flask-3.0.3 itsdangerous-2.2.0

(.venv) C:\Users\thele\Desktop\InventarioIberia>pip install sqlalchemy
Collecting sqlalchemy
  Using cached SQLAlchemy-2.0.36-cp312-cp312-win_amd64.whl.metadata (9.9 kB)
Collecting typing-extensions>=4.6.0 (from sqlalchemy)
  Using cached typing_extensions-4.12.2-py3-none-any.whl.metadata (3.0 kB)
Collecting greenlet!=0.4.17 (from sqlalchemy)
  Using cached greenlet-3.1.1-cp312-cp312-win_amd64.whl.metadata (3.9 kB)
Using cached SQLAlchemy-2.0.36-cp312-cp312-win_amd64.whl (2.1 MB)
Using cached greenlet-3.1.1-cp312-cp312-win_amd64.whl (299 kB)
Using cached typing_extensions-4.12.2-py3-none-any.whl (37 kB)
Installing collected packages: typing-extensions, greenlet, sqlalchemy
Successfully installed greenlet-3.1.1 sqlalchemy-2.0.36 typing-extensions-4.12.2

(.venv) C:\Users\thele\Desktop\InventarioIberia>pip install flask-sqlalchemy
Collecting flask-sqlalchemy
  Using cached flask_sqlalchemy-3.1.1-py3-none-any.whl.metadata (3.4 kB)
Requirement already satisfied: flask>=2.2.5 in c:\users\thele\desktop\inventarioiberia\.venv\lib\site-packages (from flask-sqlalchemy) (3.0.3)
Requirement already satisfied: sqlalchemy>=2.0.16 in c:\users\thele\desktop\inventarioiberia\.venv\lib\site-packages (from flask-sqlalchemy) (2.0.36)
Requirement already satisfied: Werkzeug>=3.0.0 in c:\users\thele\desktop\inventarioiberia\.venv\lib\site-packages (from flask>=2.2.5->flask-sqlalchemy) (3.0.6)
Requirement already satisfied: Jinja2>=3.1.2 in c:\users\thele\desktop\inventarioiberia\.venv\lib\site-packages (from flask>=2.2.5->flask-sqlalchemy) (3.1.4)
Requirement already satisfied: itsdangerous>=2.1.2 in c:\users\thele\desktop\inventarioiberia\.venv\lib\site-packages (from flask>=2.2.5->flask-sqlalchemy) (2.2.0)
Requirement already satisfied: click>=8.1.3 in c:\users\thele\desktop\inventarioiberia\.venv\lib\site-packages (from flask>=2.2.5->flask-sqlalchemy) (8.1.7)
Requirement already satisfied: blinker>=1.6.2 in c:\users\thele\desktop\inventarioiberia\.venv\lib\site-packages (from flask>=2.2.5->flask-sqlalchemy) (1.8.2)
Requirement already satisfied: typing-extensions>=4.6.0 in c:\users\thele\desktop\inventarioiberia\.venv\lib\site-packages (from sqlalchemy>=2.0.16->flask-sqlalchemy) (4.12.2)
Requirement already satisfied: greenlet!=0.4.17 in c:\users\thele\desktop\inventarioiberia\.venv\lib\site-packages (from sqlalchemy>=2.0.16->flask-sqlalchemy) (3.1.1)
Requirement already satisfied: colorama in c:\users\thele\desktop\inventarioiberia\.venv\lib\site-packages (from click>=8.1.3->flask>=2.2.5->flask-sqlalchemy) (0.4.6)
Requirement already satisfied: MarkupSafe>=2.0 in c:\users\thele\desktop\inventarioiberia\.venv\lib\site-packages (from Jinja2>=3.1.2->flask>=2.2.5->flask-sqlalchemy) (3.0.2)
Using cached flask_sqlalchemy-3.1.1-py3-none-any.whl (25 kB)
Installing collected packages: flask-sqlalchemy
Successfully installed flask-sqlalchemy-3.1.1

(.venv) C:\Users\thele\Desktop\InventarioIberia>
